<?xml version="1.0" encoding="UTF-8"?>
<testng-results skipped="0" failed="0" ignored="0" total="1" passed="1">
  <reporter-output>
  </reporter-output>
  <suite name="Suite" duration-ms="17441" started-at="2022-04-01T11:26:16 IST" finished-at="2022-04-01T11:26:33 IST">
    <groups>
      <group name="cucumber">
        <method signature="AbstractTestNGCucumberTests.runScenario(io.cucumber.testng.PickleWrapper,io.cucumber.testng.FeatureWrapper)[pri:0, instance:runner.Runner@4516af24]" name="runScenario" class="io.cucumber.testng.AbstractTestNGCucumberTests"/>
      </group> <!-- cucumber -->
    </groups>
    <test name="TestSecond" duration-ms="17441" started-at="2022-04-01T11:26:16 IST" finished-at="2022-04-01T11:26:33 IST">
      <class name="runner.Runner">
        <test-method status="PASS" signature="setUpClass(org.testng.ITestContext)[pri:0, instance:runner.Runner@4516af24]" name="setUpClass" is-config="true" duration-ms="346" started-at="2022-04-01T11:26:16 IST" finished-at="2022-04-01T11:26:16 IST">
          <params>
            <param index="0">
              <value>
                <![CDATA[org.testng.TestRunner@5d7ca698]]>
              </value>
            </param>
          </params>
          <reporter-output>
          </reporter-output>
        </test-method> <!-- setUpClass -->
        <test-method status="PASS" signature="runScenario(io.cucumber.testng.PickleWrapper,io.cucumber.testng.FeatureWrapper)[pri:0, instance:runner.Runner@4516af24]" name="runScenario" duration-ms="17045" started-at="2022-04-01T11:26:16 IST" description="Runs Cucumber Scenarios" data-provider="scenarios" finished-at="2022-04-01T11:26:33 IST">
          <params>
            <param index="0">
              <value>
                <![CDATA["Login with valid credentials"]]>
              </value>
            </param>
            <param index="1">
              <value>
                <![CDATA["Optional[Application Login]"]]>
              </value>
            </param>
          </params>
          <reporter-output>
          </reporter-output>
        </test-method> <!-- runScenario -->
        <test-method status="PASS" signature="tearDownClass()[pri:0, instance:runner.Runner@4516af24]" name="tearDownClass" is-config="true" duration-ms="19" started-at="2022-04-01T11:26:33 IST" finished-at="2022-04-01T11:26:33 IST">
          <reporter-output>
          </reporter-output>
        </test-method> <!-- tearDownClass -->
      </class> <!-- runner.Runner -->
    </test> <!-- TestSecond -->
  </suite> <!-- Suite -->
</testng-results>
